<?xml version="1.0" encoding="UTF-8"?>
<!-- Generated by org.testng.reporters.JUnitXMLReporter -->
<testsuite ignored="0" hostname="ARPGL002607" failures="1" tests="4" name="Surefire test" time="7.718" errors="0" timestamp="2023-03-21T15:10:04 IST">
  <testcase classname="api.test.UserTest" name="postUser" time="4.42"/>
  <testcase classname="api.test.UserTest" name="getUser" time="0.657"/>
  <testcase classname="api.test.UserTest" name="updateuser" time="1.684">
    <failure type="java.lang.AssertionError" message="expected [200] but found [405]">
      <![CDATA[java.lang.AssertionError: expected [200] but found [405]
at api.test.UserTest.updateuser(UserTest.java:65)
at java.base/java.util.ArrayList.forEach(ArrayList.java:1511)
... Removed 39 stack frames]]>
    </failure>
  </testcase> <!-- updateuser -->
  <testcase classname="api.test.UserTest" name="deleteuser" time="0.509"/>
</testsuite> <!-- Surefire test -->
