<?xml version="1.0" encoding="UTF-8"?>
<!-- Generated by org.testng.reporters.JUnitXMLReporter -->
<testsuite ignored="0" hostname="ARPGL002607" failures="1" tests="4" name="Test" time="48.383" errors="0" timestamp="2023-03-21T14:56:32 IST">
  <testcase classname="api.test.UserTest" name="postUser" time="8.476"/>
  <testcase classname="api.test.UserTest" name="getUser" time="4.055"/>
  <testcase classname="api.test.UserTest" name="updateuser" time="23.903">
    <failure type="java.lang.AssertionError" message="expected [200] but found [405]">
      <![CDATA[java.lang.AssertionError: expected [200] but found [405]
at api.test.UserTest.updateuser(UserTest.java:65)
at java.base/java.util.ArrayList.forEach(ArrayList.java:1511)
... Removed 34 stack frames]]>
    </failure>
  </testcase> <!-- updateuser -->
  <testcase classname="api.test.UserTest" name="deleteuser" time="11.659"/>
</testsuite> <!-- Test -->
